<?xml version="1.0" encoding="UTF-8"?>
<!-- Generated by org.testng.reporters.JUnitReportReporter -->
<testsuite hostname="Lenovo-PC" name="com.scripts.ExcelTest" tests="5" failures="0" timestamp="19 Mar 2017 08:15:38 GMT" time="0.811" errors="0">
  <testcase name="singleRow" time="0.767" classname="com.scripts.ExcelTest"/>
  <testcase name="verifyLogin" time="0.014" classname="com.scripts.ExcelTest"/>
  <testcase name="verifyLogin" time="0.003" classname="com.scripts.ExcelTest"/>
  <testcase name="verifyLogin" time="0.025" classname="com.scripts.ExcelTest"/>
  <testcase name="verifyLogin" time="0.002" classname="com.scripts.ExcelTest"/>
</testsuite> <!-- com.scripts.ExcelTest -->
