<?xml version="1.0" encoding="UTF-8"?>
<!-- Generated by org.testng.reporters.JUnitReportReporter -->
<testsuite hostname="Lenovo-PC" name="com.scripts.LoginScenarios" tests="1" failures="0" timestamp="4 Aug 2017 16:06:13 GMT" time="52.693" errors="0">
  <testcase name="verifySuccessfulllogin" time="52.693" classname="com.scripts.LoginScenarios"/>
</testsuite> <!-- com.scripts.LoginScenarios -->
