<?xml version="1.0" encoding="UTF-8"?>
<!-- Generated by org.testng.reporters.JUnitReportReporter -->
<testsuite hostname="Lenovo-PC" name="com.scripts.LoginScenarios2" tests="1" failures="0" timestamp="21 Mar 2017 17:17:12 GMT" time="245.458" errors="0">
  <testcase name="verifySuccessfulllogin" time="245.458" classname="com.scripts.LoginScenarios2"/>
</testsuite> <!-- com.scripts.LoginScenarios2 -->
