<?xml version="1.0" encoding="UTF-8"?>
<!-- Generated by org.testng.reporters.JUnitReportReporter -->
<testsuite hostname="Lenovo-PC" name="com.scripts.FUNAccountActivity" tests="1" failures="0" timestamp="22 Jan 2017 04:52:56 GMT" time="56.448" errors="0">
  <testcase name="isAccountPage" time="56.448" classname="com.scripts.FUNAccountActivity"/>
</testsuite> <!-- com.scripts.FUNAccountActivity -->
